<?xml version="1.0" encoding="UTF-8" ?>
<testsuite tests="8" failures="2" name="CucumberRunnerTest" time="0.034" errors="0" skipped="0">
  <properties>
    <property name="java.runtime.name" value="Java(TM) SE Runtime Environment"/>
    <property name="sun.boot.library.path" value="/Library/Java/JavaVirtualMachines/jdk1.8.0_31.jdk/Contents/Home/jre/lib"/>
    <property name="java.vm.version" value="25.31-b07"/>
    <property name="gopherProxySet" value="false"/>
    <property name="java.vm.vendor" value="Oracle Corporation"/>
    <property name="maven.multiModuleProjectDirectory" value="/Users/Rocky/IdeaProjects/YouVisit"/>
    <property name="java.vendor.url" value="http://java.oracle.com/"/>
    <property name="path.separator" value=":"/>
    <property name="guice.disable.misplaced.annotation.check" value="true"/>
    <property name="java.vm.name" value="Java HotSpot(TM) 64-Bit Server VM"/>
    <property name="file.encoding.pkg" value="sun.io"/>
    <property name="user.country" value="US"/>
    <property name="sun.java.launcher" value="SUN_STANDARD"/>
    <property name="sun.os.patch.level" value="unknown"/>
    <property name="java.vm.specification.name" value="Java Virtual Machine Specification"/>
    <property name="user.dir" value="/Users/Rocky/IdeaProjects/YouVisit"/>
    <property name="java.runtime.version" value="1.8.0_31-b13"/>
    <property name="java.awt.graphicsenv" value="sun.awt.CGraphicsEnvironment"/>
    <property name="java.endorsed.dirs" value="/Library/Java/JavaVirtualMachines/jdk1.8.0_31.jdk/Contents/Home/jre/lib/endorsed"/>
    <property name="os.arch" value="x86_64"/>
    <property name="java.io.tmpdir" value="/var/folders/q2/2n0_1b5s6gv2yt4gzk12jqsc0000gn/T/"/>
    <property name="line.separator" value="
"/>
    <property name="java.vm.specification.vendor" value="Oracle Corporation"/>
    <property name="os.name" value="Mac OS X"/>
    <property name="classworlds.conf" value="/usr/local/Cellar/maven/3.3.3/libexec/bin/m2.conf"/>
    <property name="sun.jnu.encoding" value="UTF-8"/>
    <property name="java.library.path" value="/Users/Rocky/Library/Java/Extensions:/Library/Java/Extensions:/Network/Library/Java/Extensions:/System/Library/Java/Extensions:/usr/lib/java:."/>
    <property name="java.specification.name" value="Java Platform API Specification"/>
    <property name="java.class.version" value="52.0"/>
    <property name="sun.management.compiler" value="HotSpot 64-Bit Tiered Compilers"/>
    <property name="os.version" value="10.11.1"/>
    <property name="http.nonProxyHosts" value="local|*.local|169.254/16|*.169.254/16"/>
    <property name="user.home" value="/Users/Rocky"/>
    <property name="user.timezone" value="America/New_York"/>
    <property name="java.awt.printerjob" value="sun.lwawt.macosx.CPrinterJob"/>
    <property name="java.specification.version" value="1.8"/>
    <property name="file.encoding" value="UTF-8"/>
    <property name="user.name" value="Rocky"/>
    <property name="java.class.path" value="/usr/local/Cellar/maven/3.3.3/libexec/boot/plexus-classworlds-2.5.2.jar"/>
    <property name="java.vm.specification.version" value="1.8"/>
    <property name="sun.arch.data.model" value="64"/>
    <property name="java.home" value="/Library/Java/JavaVirtualMachines/jdk1.8.0_31.jdk/Contents/Home/jre"/>
    <property name="sun.java.command" value="org.codehaus.plexus.classworlds.launcher.Launcher clean test"/>
    <property name="java.specification.vendor" value="Oracle Corporation"/>
    <property name="user.language" value="en"/>
    <property name="awt.toolkit" value="sun.lwawt.macosx.LWCToolkit"/>
    <property name="java.vm.info" value="mixed mode"/>
    <property name="java.version" value="1.8.0_31"/>
    <property name="java.ext.dirs" value="/Users/Rocky/Library/Java/Extensions:/Library/Java/JavaVirtualMachines/jdk1.8.0_31.jdk/Contents/Home/jre/lib/ext:/Library/Java/Extensions:/Network/Library/Java/Extensions:/System/Library/Java/Extensions:/usr/lib/java"/>
    <property name="sun.boot.class.path" value="/Library/Java/JavaVirtualMachines/jdk1.8.0_31.jdk/Contents/Home/jre/lib/resources.jar:/Library/Java/JavaVirtualMachines/jdk1.8.0_31.jdk/Contents/Home/jre/lib/rt.jar:/Library/Java/JavaVirtualMachines/jdk1.8.0_31.jdk/Contents/Home/jre/lib/sunrsasign.jar:/Library/Java/JavaVirtualMachines/jdk1.8.0_31.jdk/Contents/Home/jre/lib/jsse.jar:/Library/Java/JavaVirtualMachines/jdk1.8.0_31.jdk/Contents/Home/jre/lib/jce.jar:/Library/Java/JavaVirtualMachines/jdk1.8.0_31.jdk/Contents/Home/jre/lib/charsets.jar:/Library/Java/JavaVirtualMachines/jdk1.8.0_31.jdk/Contents/Home/jre/lib/jfr.jar:/Library/Java/JavaVirtualMachines/jdk1.8.0_31.jdk/Contents/Home/jre/classes"/>
    <property name="java.vendor" value="Oracle Corporation"/>
    <property name="maven.home" value="/usr/local/Cellar/maven/3.3.3/libexec"/>
    <property name="file.separator" value="/"/>
    <property name="java.vendor.url.bug" value="http://bugreport.sun.com/bugreport/"/>
    <property name="sun.cpu.endian" value="little"/>
    <property name="sun.io.unicode.encoding" value="UnicodeBig"/>
    <property name="socksNonProxyHosts" value="local|*.local|169.254/16|*.169.254/16"/>
    <property name="ftp.nonProxyHosts" value="local|*.local|169.254/16|*.169.254/16"/>
    <property name="sun.cpu.isalist" value=""/>
  </properties>
  <testcase classname="Scenario: Verify that user can go to Virtual Tours page from homepage" name="Given that user navigates to YouVisit" time="0.003"/>
  <testcase classname="Scenario: Verify that user can go to Virtual Tours page from homepage" name="When the user clicks on the &apos;Create&apos; button" time="0"/>
  <testcase classname="Scenario: Verify that user can go to Virtual Tours page from homepage" name="When the user clicks on the &apos;Get Started&apos; button" time="0"/>
  <testcase classname="Scenario: Verify that user can go to Virtual Tours page from homepage" name="When the user clicks on the &apos;Free - Get Started&apos; button" time="0"/>
  <testcase classname="Scenario: Verify that user can go to Virtual Tours page from homepage" name="When the user clicks log in" time="0"/>
  <testcase classname="Scenario: Verify that user can go to Virtual Tours page from homepage" name="When the user logs in" time="0"/>
  <testcase classname="Scenario: Verify that user can go to Virtual Tours page from homepage" name="Then the Virtual Tours screen should show" time="0.015">
    <failure message="Element should have text &apos;imtiz.hossain&apos;s Virtual Tours&apos; {#profile-content &gt; div.clearfix.top50 &gt; h1}
Element: &apos;&lt;h1 class=&quot;left&quot;&gt;imtiaz.hossain&apos;s Virtual Tours&lt;/h1&gt;&apos;" type="Element should have text &apos;imtiz.hossain&apos;s Virtual Tours&apos; {#profile-content &gt; div.clearfix.top50 &gt; h1}
Element">Element should have text &apos;imtiz.hossain&apos;s Virtual Tours&apos; {#profile-content &gt; div.clearfix.top50 &gt; h1}
Element: &apos;&lt;h1 class=&quot;left&quot;&gt;imtiaz.hossain&apos;s Virtual Tours&lt;/h1&gt;&apos;
Screenshot: file:/Users/Rocky/IdeaProjects/YouVisit/build/reports/tests/1447209332148.0.png
Timeout: 4 s.
	at com.codeborne.selenide.impl.AbstractSelenideElement.checkCondition(AbstractSelenideElement.java:554)
	at com.codeborne.selenide.impl.AbstractSelenideElement.should(AbstractSelenideElement.java:521)
	at com.codeborne.selenide.impl.AbstractSelenideElement.invokeShould(AbstractSelenideElement.java:309)
	at com.codeborne.selenide.impl.AbstractSelenideElement.dispatchSelenideMethod(AbstractSelenideElement.java:186)
	at com.codeborne.selenide.impl.AbstractSelenideElement.dispatchAndRetry(AbstractSelenideElement.java:90)
	at com.codeborne.selenide.impl.AbstractSelenideElement.invoke(AbstractSelenideElement.java:65)
	at com.codeborne.selenide.impl.WaitingSelenideElement.invoke(WaitingSelenideElement.java:19)
	at com.sun.proxy.$Proxy12.shouldHave(Unknown Source)
	at stepDefinitions.StepDefinitions.assertVirtualToursScreenShows(StepDefinitions.java:53)
	at ✽.Then the Virtual Tours screen should show(test.feature:11)
</failure>
  </testcase>
  <testcase classname="Scenario: Verify that user can go to Virtual Tours page from homepage" name="Scenario: Verify that user can go to Virtual Tours page from homepage" time="0.016">
    <failure message="Element should have text &apos;imtiz.hossain&apos;s Virtual Tours&apos; {#profile-content &gt; div.clearfix.top50 &gt; h1}
Element: &apos;&lt;h1 class=&quot;left&quot;&gt;imtiaz.hossain&apos;s Virtual Tours&lt;/h1&gt;&apos;" type="Element should have text &apos;imtiz.hossain&apos;s Virtual Tours&apos; {#profile-content &gt; div.clearfix.top50 &gt; h1}
Element">Element should have text &apos;imtiz.hossain&apos;s Virtual Tours&apos; {#profile-content &gt; div.clearfix.top50 &gt; h1}
Element: &apos;&lt;h1 class=&quot;left&quot;&gt;imtiaz.hossain&apos;s Virtual Tours&lt;/h1&gt;&apos;
Screenshot: file:/Users/Rocky/IdeaProjects/YouVisit/build/reports/tests/1447209332148.0.png
Timeout: 4 s.
	at com.codeborne.selenide.impl.AbstractSelenideElement.checkCondition(AbstractSelenideElement.java:554)
	at com.codeborne.selenide.impl.AbstractSelenideElement.should(AbstractSelenideElement.java:521)
	at com.codeborne.selenide.impl.AbstractSelenideElement.invokeShould(AbstractSelenideElement.java:309)
	at com.codeborne.selenide.impl.AbstractSelenideElement.dispatchSelenideMethod(AbstractSelenideElement.java:186)
	at com.codeborne.selenide.impl.AbstractSelenideElement.dispatchAndRetry(AbstractSelenideElement.java:90)
	at com.codeborne.selenide.impl.AbstractSelenideElement.invoke(AbstractSelenideElement.java:65)
	at com.codeborne.selenide.impl.WaitingSelenideElement.invoke(WaitingSelenideElement.java:19)
	at com.sun.proxy.$Proxy12.shouldHave(Unknown Source)
	at stepDefinitions.StepDefinitions.assertVirtualToursScreenShows(StepDefinitions.java:53)
	at ✽.Then the Virtual Tours screen should show(test.feature:11)
</failure>
  </testcase>
</testsuite>